<?xml version="1.0" encoding="UTF-8"?>
<!-- Generated by org.testng.reporters.JUnitReportReporter -->
<testsuite hostname="inlen8520086611" failures="0" tests="1" name="Pages.LoginTest" time="13.745" errors="0" timestamp="2023-03-03T17:38:50 IST" skipped="0">
  <testcase classname="Pages.LoginTest" name="Test" time="13.745"/>
  <system-out/>
</testsuite> <!-- Pages.LoginTest -->
